26 19:45:37 -------------------------------------------------------------
26 19:45:37 domainIndex=false
26 19:45:37 DataGather for MaxGauge 5.3.2_160726.01
26 19:45:37 [BASE CONNECTION POOL] Make New DB Connection ID = 1
26 19:45:37 [BASE CONNECTION POOL] Make New DB Connection ID = 2
26 19:45:38 [BASE CONNECTION POOL] Make New DB Connection ID = 3
26 19:45:38 [BASE CONNECTION POOL] Make New DB Connection ID = 4
26 19:45:38 [BASE CONNECTION POOL] Make New DB Connection ID = 5
26 19:45:38 [BASE CONNECTION POOL] Make New DB Connections Count = 5
26 19:45:38 [CONNECTION POOL INFO] 0=Others
26 19:45:38 [CONNECTION POOL INFO] 1=SQL Text
26 19:45:38 [CONNECTION POOL INFO] 2=SQL Stat 10MIN
26 19:45:38 [CONNECTION POOL INFO] 3=Lock Waiter
26 19:45:38 [CONNECTION POOL INFO] 4=Lock Holder
26 19:45:38 [CONNECTION POOL INFO] 5=Session Info
26 19:45:38 [CONNECTION POOL INFO] 6=Session List Count
26 19:45:38 [CONNECTION POOL INFO] 7=Session List
26 19:45:38 [CONNECTION POOL INFO] 8=Alarm History
26 19:45:38 [CONNECTION POOL INFO] 9=SQL Elapse(X-View)
26 19:45:38 [CONNECTION POOL INFO] 10=Ora SQL Plan
26 19:45:38 [CONNECTION POOL INFO] 11=Ora SQL Bind Value
26 19:45:38 [CONNECTION POOL INFO] 12=Sys : Server Time
26 19:45:38 [CONNECTION POOL INFO] 13=Sys : Os Process List
26 19:45:38 [CONNECTION POOL INFO] 14=Sys : Os Stat 1min
26 19:45:38 [CONNECTION POOL INFO] 15=Sys : Db Wait 1min
26 19:45:38 [CONNECTION POOL INFO] 16=Sys : Db Stat 1min
